Using pre-set license
Built from '2022.2/staging' branch; Version is '2022.2.6f1 (10bfa6201ced) revision 1097638'; Using compiler version '192829333'; Build Type 'Release'
OS: 'Windows 10  (10.0.19045) 64bit Professional' Language: 'ru' Physical Memory: 16304 MB
BatchMode: 1, IsHumanControllingUs: 0, StartBugReporterOnCrash: 0, Is64bit: 1, IsPro: 1

COMMAND LINE ARGUMENTS:
D:\unity\InstallsLocation\2022.2.6f1\Editor\Unity.exe
-adb2
-batchMode
-noUpm
-name
AssetImportWorker0
-projectPath
D:/GitHub/Day and Night/Day_and_Night/pr5
-logFile
Logs/AssetImportWorker0.log
-srvPort
60439
Successfully changed project path to: D:/GitHub/Day and Night/Day_and_Night/pr5
D:/GitHub/Day and Night/Day_and_Night/pr5
[UnityMemory] Configuration Parameters - Can be set up in boot.config
    "memorysetup-bucket-allocator-granularity=16"
    "memorysetup-bucket-allocator-bucket-count=8"
    "memorysetup-bucket-allocator-block-size=33554432"
    "memorysetup-bucket-allocator-block-count=8"
    "memorysetup-main-allocator-block-size=16777216"
    "memorysetup-thread-allocator-block-size=16777216"
    "memorysetup-gfx-main-allocator-block-size=16777216"
    "memorysetup-gfx-thread-allocator-block-size=16777216"
    "memorysetup-cache-allocator-block-size=4194304"
    "memorysetup-typetree-allocator-block-size=2097152"
    "memorysetup-profiler-bucket-allocator-granularity=16"
    "memorysetup-profiler-bucket-allocator-bucket-count=8"
    "memorysetup-profiler-bucket-allocator-block-size=33554432"
    "memorysetup-profiler-bucket-allocator-block-count=8"
    "memorysetup-profiler-allocator-block-size=16777216"
    "memorysetup-profiler-editor-allocator-block-size=1048576"
    "memorysetup-temp-allocator-size-main=16777216"
    "memorysetup-job-temp-allocator-block-size=2097152"
    "memorysetup-job-temp-allocator-block-size-background=1048576"
    "memorysetup-job-temp-allocator-reduction-small-platforms=262144"
    "memorysetup-temp-allocator-size-background-worker=32768"
    "memorysetup-temp-allocator-size-job-worker=262144"
    "memorysetup-temp-allocator-size-preload-manager=33554432"
    "memorysetup-temp-allocator-size-nav-mesh-worker=65536"
    "memorysetup-temp-allocator-size-audio-worker=65536"
    "memorysetup-temp-allocator-size-cloud-worker=32768"
    "memorysetup-temp-allocator-size-gi-baking-worker=262144"
    "memorysetup-temp-allocator-size-gfx=262144"
Player connection [9024] Host "[IP] 192.168.190.187 [Port] 0 [Flags] 2 [Guid] 642630987 [EditorId] 642630987 [Version] 1048832 [Id] WindowsEditor(7,DESKTOP-OODQEUI) [Debug] 1 [PackageName] WindowsEditor [ProjectName] Editor" joined multi-casting on [225.0.0.222:54997]...

Player connection [9024] Host "[IP] 192.168.190.187 [Port] 0 [Flags] 2 [Guid] 642630987 [EditorId] 642630987 [Version] 1048832 [Id] WindowsEditor(7,DESKTOP-OODQEUI) [Debug] 1 [PackageName] WindowsEditor [ProjectName] Editor" joined alternative multi-casting on [225.0.0.222:34997]...

Refreshing native plugins compatible for Editor in 14.01 ms, found 3 plugins.
Preloading 0 native plugins for Editor in 0.00 ms.
Initialize engine version: 2022.2.6f1 (10bfa6201ced)
[Subsystems] Discovering subsystems at path D:/unity/InstallsLocation/2022.2.6f1/Editor/Data/Resources/UnitySubsystems
[Subsystems] Discovering subsystems at path D:/GitHub/Day and Night/Day_and_Night/pr5/Assets
GfxDevice: creating device client; threaded=0; jobified=0
Direct3D:
    Version:  Direct3D 11.0 [level 11.1]
    Renderer: NVIDIA GeForce GTX 1050 Ti (ID=0x1c82)
    Vendor:   NVIDIA
    VRAM:     4017 MB
    Driver:   31.0.15.3141
Initialize mono
Mono path[0] = 'D:/unity/InstallsLocation/2022.2.6f1/Editor/Data/Managed'
Mono path[1] = 'D:/unity/InstallsLocation/2022.2.6f1/Editor/Data/MonoBleedingEdge/lib/mono/unityjit-win32'
Mono config path = 'D:/unity/InstallsLocation/2022.2.6f1/Editor/Data/MonoBleedingEdge/etc'
Using monoOptions --debugger-agent=transport=dt_socket,embedding=1,server=y,suspend=n,address=127.0.0.1:56712
Begin MonoManager ReloadAssembly
Registering precompiled unity dll's ...
Register platform support module: D:/unity/InstallsLocation/2022.2.6f1/Editor/Data/PlaybackEngines/WindowsStandaloneSupport/UnityEditor.WindowsStandalone.Extensions.dll
Registered in 0.010670 seconds.
- Loaded All Assemblies, in  0.613 seconds
Native extension for WindowsStandalone target not found
Mono: successfully reloaded assembly
- Finished resetting the current domain, in  0.502 seconds
Domain Reload Profiling:
	ReloadAssembly (352ms)
		BeginReloadAssembly (147ms)
			ExecutionOrderSort (0ms)
			DisableScriptedObjects (0ms)
			BackupInstance (0ms)
			ReleaseScriptingObjects (0ms)
			CreateAndSetChildDomain (1ms)
		LoadAllAssembliesAndSetupDomain (0ms)
			LoadAssemblies (145ms)
			RebuildTransferFunctionScriptingTraits (0ms)
			SetupTypeCache (251ms)
				TypeCache.Initialize (250ms)
					TypeCache.ScanAssembly (248ms)
				ResolveRequiredComponents (1ms)
		FinalizeReload (0ms)
			ReleaseScriptCaches (0ms)
			RebuildScriptCaches (0ms)
			SetupLoadedEditorAssemblies (403ms)
				LogAssemblyErrors (0ms)
				InitializePlatformSupportModulesInManaged (14ms)
				SetLoadedEditorAssemblies (14ms)
				RefreshPlugins (0ms)
				BeforeProcessingInitializeOnLoad (3ms)
				ProcessInitializeOnLoadAttributes (282ms)
				ProcessInitializeOnLoadMethodAttributes (90ms)
				AfterProcessingInitializeOnLoad (0ms)
				EditorAssembliesLoaded (0ms)
			ExecutionOrderSort2 (0ms)
			AwakeInstancesAfterBackupRestoration (0ms)
========================================================================
Worker process is ready to serve import requests
Begin MonoManager ReloadAssembly
Symbol file LoadedFromMemory doesn't match image D:\GitHub\Day and Night\Day_and_Night\pr5\Library\PackageCache\com.unity.visualscripting@1.8.0\Editor\VisualScripting.Core\Dependencies\YamlDotNet\Unity.VisualScripting.YamlDotNet.dll
Symbol file LoadedFromMemory doesn't match image D:\GitHub\Day and Night\Day_and_Night\pr5\Library\PackageCache\com.unity.visualscripting@1.8.0\Editor\VisualScripting.Core\Dependencies\DotNetZip\Unity.VisualScripting.IonicZip.dll
- Loaded All Assemblies, in  1.310 seconds
Refreshing native plugins compatible for Editor in 2.90 ms, found 3 plugins.
Native extension for WindowsStandalone target not found
Mono: successfully reloaded assembly
- Finished resetting the current domain, in  0.704 seconds
Domain Reload Profiling:
	ReloadAssembly (338ms)
		BeginReloadAssembly (185ms)
			ExecutionOrderSort (0ms)
			DisableScriptedObjects (9ms)
			BackupInstance (0ms)
			ReleaseScriptingObjects (0ms)
			CreateAndSetChildDomain (32ms)
		LoadAllAssembliesAndSetupDomain (968ms)
			LoadAssemblies (430ms)
			RebuildTransferFunctionScriptingTraits (0ms)
			SetupTypeCache (621ms)
				TypeCache.Initialize (390ms)
					TypeCache.ScanAssembly (384ms)
				ResolveRequiredComponents (5ms)
		FinalizeReload (0ms)
			ReleaseScriptCaches (0ms)
			RebuildScriptCaches (0ms)
			SetupLoadedEditorAssemblies (528ms)
				LogAssemblyErrors (0ms)
				InitializePlatformSupportModulesInManaged (5ms)
				SetLoadedEditorAssemblies (5ms)
				RefreshPlugins (0ms)
				BeforeProcessingInitializeOnLoad (66ms)
				ProcessInitializeOnLoadAttributes (401ms)
				ProcessInitializeOnLoadMethodAttributes (44ms)
				AfterProcessingInitializeOnLoad (6ms)
				EditorAssembliesLoaded (0ms)
			ExecutionOrderSort2 (0ms)
			AwakeInstancesAfterBackupRestoration (8ms)
Launched and connected shader compiler UnityShaderCompiler.exe after 0.26 seconds
Refreshing native plugins compatible for Editor in 3.13 ms, found 3 plugins.
Preloading 0 native plugins for Editor in 0.00 ms.
Unloading 3612 Unused Serialized files (Serialized files now loaded: 0)
Unloading 37 unused Assets / (179.1 KB). Loaded Objects now: 4076.
Memory consumption went from 0.55 GB to 0.55 GB.
Total: 4.583600 ms (FindLiveObjects: 0.349300 ms CreateObjectMapping: 0.447200 ms MarkObjects: 3.629200 ms  DeleteObjects: 0.156700 ms)

AssetImportParameters requested are different than current active one (requested -> active):
  custom:container-demuxer-ogg: 62fdf1f143b41e24485cea50d1cbac27 -> 
  custom:video-decoder-ogg-theora: a1e56fd34408186e4bbccfd4996cb3dc -> 
  custom:framework-win-MediaFoundation: 216162199b28c13a410421893ffa2e32 -> 
  custom:container-demuxer-webm: 4f35f7cbe854078d1ac9338744f61a02 -> 
  custom:container-muxer-webm: aa71ff27fc2769a1b78a27578f13a17b -> 
  custom:video-decoder-webm-vp8: 9c59270c3fd7afecdb556c50c9e8de78 -> 
  custom:AudioImporter_EditorPlatform: d09bf68614088b80899f8185d706f6e7 -> 
  custom:video-encoder-webm-vp8: eb34c28f22e8b96e1ab97ce403110664 -> 
  custom:audio-decoder-ogg-vorbis: bf7c407c2cedff20999df2af8eb42d56 -> 
  custom:audio-encoder-webm-vorbis: bf7c407c2cedff20999df2af8eb42d56 -> 
========================================================================
Received Import Request.
  Time since last request: 716827.448022 seconds.
  path: Assets/Training_dummy
  artifactKey: Guid(10349bc6843e22f4495832f5003d8ded) Importer(815301076,1909f56bfc062723c751e8b465ee728b)
Start importing Assets/Training_dummy using Guid(10349bc6843e22f4495832f5003d8ded) Importer(815301076,1909f56bfc062723c751e8b465ee728b)  -> (artifact id: '447432151f261392258a53c6d382e0cb') in 0.004609 seconds 
Number of updated asset objects reloaded before import = 0
Number of asset objects unloaded after import = 0
========================================================================
Received Import Request.
  Time since last request: 4.601116 seconds.
  path: Assets/PlayerModelAssets
  artifactKey: Guid(2ecaab1f422b14b47aed894e9da2a4e6) Importer(815301076,1909f56bfc062723c751e8b465ee728b)
Start importing Assets/PlayerModelAssets using Guid(2ecaab1f422b14b47aed894e9da2a4e6) Importer(815301076,1909f56bfc062723c751e8b465ee728b)  -> (artifact id: 'cc812dfb78de2ba4d31596d5e4de2ad4') in 0.000658 seconds 
Number of updated asset objects reloaded before import = 0
Number of asset objects unloaded after import = 0
========================================================================
Received Import Request.
  Time since last request: 0.150061 seconds.
  path: Assets/PlayerModelAssets/Akai_MAT1.mat
  artifactKey: Guid(29f795c41483d0a4b978b7016a22b85f) Importer(815301076,1909f56bfc062723c751e8b465ee728b)
Start importing Assets/PlayerModelAssets/Akai_MAT1.mat using Guid(29f795c41483d0a4b978b7016a22b85f) Importer(815301076,1909f56bfc062723c751e8b465ee728b)  -> (artifact id: '1959a70773de54b6e43c2aa436acf0c7') in 0.763177 seconds 
Number of updated asset objects reloaded before import = 0
Number of asset objects unloaded after import = 3
========================================================================
Received Import Request.
  Time since last request: 0.000030 seconds.
  path: Assets/PlayerModelAssets/FemaleFitA_eyelash_diffuse.png
  artifactKey: Guid(da10711c78d7a6b4fadaf6ebc797649a) Importer(815301076,1909f56bfc062723c751e8b465ee728b)
Start importing Assets/PlayerModelAssets/FemaleFitA_eyelash_diffuse.png using Guid(da10711c78d7a6b4fadaf6ebc797649a) Importer(815301076,1909f56bfc062723c751e8b465ee728b)  -> (artifact id: '137a3f292d738170002b43985b1e8095') in 0.033107 seconds 
Number of updated asset objects reloaded before import = 0
Number of asset objects unloaded after import = 2
========================================================================
Received Import Request.
  Time since last request: 0.000026 seconds.
  path: Assets/PlayerModelAssets/FemaleFitA_StdNM.png
  artifactKey: Guid(963d91263941cb342973ac2fced65833) Importer(815301076,1909f56bfc062723c751e8b465ee728b)
Start importing Assets/PlayerModelAssets/FemaleFitA_StdNM.png using Guid(963d91263941cb342973ac2fced65833) Importer(815301076,1909f56bfc062723c751e8b465ee728b)  -> (artifact id: '5b3952c11dc343d2144d3b50a7d7a2dc') in 0.030854 seconds 
Number of updated asset objects reloaded before import = 0
Number of asset objects unloaded after import = 2
========================================================================
Received Import Request.
  Time since last request: 0.000021 seconds.
  path: Assets/PlayerModelAssets/Arrow_DIFF.png
  artifactKey: Guid(e5b973b53f6fd5847a41b7e64b066419) Importer(815301076,1909f56bfc062723c751e8b465ee728b)
Start importing Assets/PlayerModelAssets/Arrow_DIFF.png using Guid(e5b973b53f6fd5847a41b7e64b066419) Importer(815301076,1909f56bfc062723c751e8b465ee728b)  -> (artifact id: '532582e00c166265a05bb739a4f2cbb9') in 0.026496 seconds 
Number of updated asset objects reloaded before import = 0
Number of asset objects unloaded after import = 2
========================================================================
Received Import Request.
  Time since last request: 0.000021 seconds.
  path: Assets/PlayerModelAssets/Erika_Archer_Clothes_normal.png
  artifactKey: Guid(9fcfa59d0b544c14a85dc52c3069938a) Importer(815301076,1909f56bfc062723c751e8b465ee728b)
Start importing Assets/PlayerModelAssets/Erika_Archer_Clothes_normal.png using Guid(9fcfa59d0b544c14a85dc52c3069938a) Importer(815301076,1909f56bfc062723c751e8b465ee728b)  -> (artifact id: '32f55ca15220874617709f586c9df501') in 0.045014 seconds 
Number of updated asset objects reloaded before import = 0
Number of asset objects unloaded after import = 2
========================================================================
Received Import Request.
  Time since last request: 0.000016 seconds.
  path: Assets/PlayerModelAssets/FemaleFitA_Body_diffuse.png
  artifactKey: Guid(cc5ea9590a6631146b742e8ec0fe7829) Importer(815301076,1909f56bfc062723c751e8b465ee728b)
Start importing Assets/PlayerModelAssets/FemaleFitA_Body_diffuse.png using Guid(cc5ea9590a6631146b742e8ec0fe7829) Importer(815301076,1909f56bfc062723c751e8b465ee728b)  -> (artifact id: 'abbed07093eed049877662f05e2a8b56') in 0.049237 seconds 
Number of updated asset objects reloaded before import = 0
Number of asset objects unloaded after import = 2
========================================================================
Received Import Request.
  Time since last request: 0.000026 seconds.
  path: Assets/PlayerModelAssets/Body_MAT1.mat
  artifactKey: Guid(37d7ff2ea26abad4bac2701d12b29204) Importer(815301076,1909f56bfc062723c751e8b465ee728b)
Start importing Assets/PlayerModelAssets/Body_MAT1.mat using Guid(37d7ff2ea26abad4bac2701d12b29204) Importer(815301076,1909f56bfc062723c751e8b465ee728b)  -> (artifact id: 'c1feb72b9019172c4b50b2cc6914364c') in 0.060790 seconds 
Number of updated asset objects reloaded before import = 0
Number of asset objects unloaded after import = 3
========================================================================
Received Import Request.
  Time since last request: 0.000085 seconds.
  path: Assets/PlayerModelAssets/Bow_DIFF.jpg
  artifactKey: Guid(9283f0df083d14c4e89daaa1796f26a4) Importer(815301076,1909f56bfc062723c751e8b465ee728b)
Start importing Assets/PlayerModelAssets/Bow_DIFF.jpg using Guid(9283f0df083d14c4e89daaa1796f26a4) Importer(815301076,1909f56bfc062723c751e8b465ee728b)  -> (artifact id: '88f4aca1142c65c0d315059385dfe5d9') in 0.027436 seconds 
Number of updated asset objects reloaded before import = 0
Number of asset objects unloaded after import = 2
========================================================================
Received Import Request.
  Time since last request: 0.000019 seconds.
  path: Assets/PlayerModelAssets/Bow_NM.jpg
  artifactKey: Guid(7b84b2b69ef83c54e92a830379053024) Importer(815301076,1909f56bfc062723c751e8b465ee728b)
Start importing Assets/PlayerModelAssets/Bow_NM.jpg using Guid(7b84b2b69ef83c54e92a830379053024) Importer(815301076,1909f56bfc062723c751e8b465ee728b)  -> (artifact id: '918d3182ac1406693c4e77a1e7024209') in 0.023662 seconds 
Number of updated asset objects reloaded before import = 0
Number of asset objects unloaded after import = 2
========================================================================
Received Import Request.
  Time since last request: 0.000028 seconds.
  path: Assets/PlayerModelAssets/EyeSpec_MAT1.mat
  artifactKey: Guid(e5dcb0513aaa33140b6bdcaffeceebd3) Importer(815301076,1909f56bfc062723c751e8b465ee728b)
Start importing Assets/PlayerModelAssets/EyeSpec_MAT1.mat using Guid(e5dcb0513aaa33140b6bdcaffeceebd3) Importer(815301076,1909f56bfc062723c751e8b465ee728b)  -> (artifact id: 'c64d941fd0769f4d118ec84b528092ba') in 0.030473 seconds 
Number of updated asset objects reloaded before import = 0
Number of asset objects unloaded after import = 3
========================================================================
Received Import Request.
  Time since last request: 0.000021 seconds.
  path: Assets/PlayerModelAssets/phong1.mat
  artifactKey: Guid(00ea50121abec77448c463617b3a7fb0) Importer(815301076,1909f56bfc062723c751e8b465ee728b)
Start importing Assets/PlayerModelAssets/phong1.mat using Guid(00ea50121abec77448c463617b3a7fb0) Importer(815301076,1909f56bfc062723c751e8b465ee728b)  -> (artifact id: '1affdaee642e41aa63c22d35328f5d91') in 0.378762 seconds 
Number of updated asset objects reloaded before import = 0
Number of asset objects unloaded after import = 2
========================================================================
Received Import Request.
  Time since last request: 0.000038 seconds.
  path: Assets/PlayerModelAssets/Erika_Archer_Clothes_diffuse.png
  artifactKey: Guid(27fbd651c29459d419ec1160eb24caac) Importer(815301076,1909f56bfc062723c751e8b465ee728b)
Start importing Assets/PlayerModelAssets/Erika_Archer_Clothes_diffuse.png using Guid(27fbd651c29459d419ec1160eb24caac) Importer(815301076,1909f56bfc062723c751e8b465ee728b)  -> (artifact id: '48ab85d8fb169ba609a145e239629dcf') in 0.021275 seconds 
Number of updated asset objects reloaded before import = 0
Number of asset objects unloaded after import = 2
========================================================================
Received Import Request.
  Time since last request: 0.000016 seconds.
  path: Assets/PlayerModelAssets/Bow_MAT.mat
  artifactKey: Guid(2f0343290f6279d43a4494f3a8cda886) Importer(815301076,1909f56bfc062723c751e8b465ee728b)
Start importing Assets/PlayerModelAssets/Bow_MAT.mat using Guid(2f0343290f6279d43a4494f3a8cda886) Importer(815301076,1909f56bfc062723c751e8b465ee728b)  -> (artifact id: '4b4ea101f2cafdcd6d924f9ac95cff1c') in 0.272969 seconds 
Number of updated asset objects reloaded before import = 0
Number of asset objects unloaded after import = 1
========================================================================
Received Import Request.
  Time since last request: 0.000232 seconds.
  path: Assets/animation/Idel Bow.fbx
  artifactKey: Guid(29470a761ed5c344cb7cb68a53019ded) Importer(815301076,1909f56bfc062723c751e8b465ee728b)
Start importing Assets/animation/Idel Bow.fbx using Guid(29470a761ed5c344cb7cb68a53019ded) Importer(815301076,1909f56bfc062723c751e8b465ee728b)  -> (artifact id: 'ec683bfcf6a4aef511a0183fe8510789') in 0.020372 seconds 
Number of updated asset objects reloaded before import = 0
Number of asset objects unloaded after import = 145
========================================================================
Received Import Request.
  Time since last request: 0.000017 seconds.
  path: Assets/animation/Right Bow.fbx
  artifactKey: Guid(6bb17f6cde6e18f4c9884c020d2ab8eb) Importer(815301076,1909f56bfc062723c751e8b465ee728b)
Start importing Assets/animation/Right Bow.fbx using Guid(6bb17f6cde6e18f4c9884c020d2ab8eb) Importer(815301076,1909f56bfc062723c751e8b465ee728b)  -> (artifact id: '43b904c602a3c2c3e02418269ceb5c66') in 0.004908 seconds 
Number of updated asset objects reloaded before import = 0
Number of asset objects unloaded after import = 145
========================================================================
Received Import Request.
  Time since last request: 0.000018 seconds.
  path: Assets/animation/Erika Archer@Running.fbx
  artifactKey: Guid(ad5c9c1e92907c84cbd880f8932c5668) Importer(815301076,1909f56bfc062723c751e8b465ee728b)
Start importing Assets/animation/Erika Archer@Running.fbx using Guid(ad5c9c1e92907c84cbd880f8932c5668) Importer(815301076,1909f56bfc062723c751e8b465ee728b)  -> (artifact id: '59ae7748eee5bda0a118364dcb326b22') in 0.209358 seconds 
Number of updated asset objects reloaded before import = 0
Number of asset objects unloaded after import = 165
========================================================================
Received Import Request.
  Time since last request: 0.000022 seconds.
  path: Assets/animation/Legs.mask
  artifactKey: Guid(45afe138366b32a4e9a41fc1abc36cba) Importer(815301076,1909f56bfc062723c751e8b465ee728b)
Start importing Assets/animation/Legs.mask using Guid(45afe138366b32a4e9a41fc1abc36cba) Importer(815301076,1909f56bfc062723c751e8b465ee728b)  -> (artifact id: '8047a6ea7f63410c9671d2847d59351b') in 0.002171 seconds 
Number of updated asset objects reloaded before import = 0
Number of asset objects unloaded after import = 1
========================================================================
Received Import Request.
  Time since last request: 0.000023 seconds.
  path: Assets/animation/Erika Archer With Bow Arrow@Running (1).fbx
  artifactKey: Guid(0fe01ae1fedcccc4892c1a616dcef950) Importer(815301076,1909f56bfc062723c751e8b465ee728b)
Start importing Assets/animation/Erika Archer With Bow Arrow@Running (1).fbx using Guid(0fe01ae1fedcccc4892c1a616dcef950) Importer(815301076,1909f56bfc062723c751e8b465ee728b)  -> (artifact id: 'a460c833cf97ea4630ea53e64bc5fec0') in 0.118490 seconds 
Number of updated asset objects reloaded before import = 0
Number of asset objects unloaded after import = 180
========================================================================
Received Import Request.
  Time since last request: 0.000026 seconds.
  path: Assets/animation/Body_MAT.mat
  artifactKey: Guid(d08240b5a8e35814d8394eb5ae139d9f) Importer(815301076,1909f56bfc062723c751e8b465ee728b)
Start importing Assets/animation/Body_MAT.mat using Guid(d08240b5a8e35814d8394eb5ae139d9f) Importer(815301076,1909f56bfc062723c751e8b465ee728b)  -> (artifact id: 'e63bca30da6338ef7bd28e5f8befa27b') in 0.023945 seconds 
Number of updated asset objects reloaded before import = 0
Number of asset objects unloaded after import = 1
========================================================================
Received Import Request.
  Time since last request: 0.000024 seconds.
  path: Assets/animation/FemaleFitA_eyelash_diffuse.png
  artifactKey: Guid(317ff9f8213301341a7ddf4b93a229f3) Importer(815301076,1909f56bfc062723c751e8b465ee728b)
Start importing Assets/animation/FemaleFitA_eyelash_diffuse.png using Guid(317ff9f8213301341a7ddf4b93a229f3) Importer(815301076,1909f56bfc062723c751e8b465ee728b)  -> (artifact id: '03f451c6c5e4c0b9e60d523447aded03') in 0.077237 seconds 
Number of updated asset objects reloaded before import = 0
Number of asset objects unloaded after import = 2
========================================================================
Received Import Request.
  Time since last request: 0.000586 seconds.
  path: Assets/animation/Akai_MAT.mat
  artifactKey: Guid(73315b6cb6e6e2a48857ec173e95b07e) Importer(815301076,1909f56bfc062723c751e8b465ee728b)
Start importing Assets/animation/Akai_MAT.mat using Guid(73315b6cb6e6e2a48857ec173e95b07e) Importer(815301076,1909f56bfc062723c751e8b465ee728b)  -> (artifact id: '65a71cf3c3d89798726f7e257bc3a519') in 0.020305 seconds 
Number of updated asset objects reloaded before import = 0
Number of asset objects unloaded after import = 1
========================================================================
Received Import Request.
  Time since last request: 0.000026 seconds.
  path: Assets/animation/Idle.fbx
  artifactKey: Guid(a05b220f69f3c604a9acba98b45bed39) Importer(815301076,1909f56bfc062723c751e8b465ee728b)
Start importing Assets/animation/Idle.fbx using Guid(a05b220f69f3c604a9acba98b45bed39) Importer(815301076,1909f56bfc062723c751e8b465ee728b)  -> (artifact id: '163ef95b5dc0a0658d55debeafbe4040') in 0.009824 seconds 
Number of updated asset objects reloaded before import = 0
Number of asset objects unloaded after import = 145
========================================================================
Received Import Request.
  Time since last request: 0.000017 seconds.
  path: Assets/animation/EyeSpec_MAT.mat
  artifactKey: Guid(c1b29b210f081b0488898bf65b22b400) Importer(815301076,1909f56bfc062723c751e8b465ee728b)
Start importing Assets/animation/EyeSpec_MAT.mat using Guid(c1b29b210f081b0488898bf65b22b400) Importer(815301076,1909f56bfc062723c751e8b465ee728b)  -> (artifact id: '7580f4edeb8778572c35c42735a0a733') in 0.022033 seconds 
Number of updated asset objects reloaded before import = 0
Number of asset objects unloaded after import = 1
========================================================================
Received Import Request.
  Time since last request: 0.000019 seconds.
  path: Assets/animation/FemaleFitA_StdNM.png
  artifactKey: Guid(de815e37e2809f64380163750a634d9e) Importer(815301076,1909f56bfc062723c751e8b465ee728b)
Start importing Assets/animation/FemaleFitA_StdNM.png using Guid(de815e37e2809f64380163750a634d9e) Importer(815301076,1909f56bfc062723c751e8b465ee728b)  -> (artifact id: '8aa56165fc90323f52f1e3f0e89ddad1') in 0.073448 seconds 
Number of updated asset objects reloaded before import = 0
Number of asset objects unloaded after import = 2
========================================================================
Received Import Request.
  Time since last request: 0.000231 seconds.
  path: Assets/animation/Forward Bow.fbx
  artifactKey: Guid(4e9919c5e6205944cad78f47681fedf1) Importer(815301076,1909f56bfc062723c751e8b465ee728b)
Start importing Assets/animation/Forward Bow.fbx using Guid(4e9919c5e6205944cad78f47681fedf1) Importer(815301076,1909f56bfc062723c751e8b465ee728b)  -> (artifact id: '4b86deea207b38ce1846b7fd53b794ff') in 0.011929 seconds 
Number of updated asset objects reloaded before import = 0
Number of asset objects unloaded after import = 145
========================================================================
Received Import Request.
  Time since last request: 0.000019 seconds.
  path: Assets/animation/Draw Bow.fbx
  artifactKey: Guid(455e0f8dbc976d2459a41874f5099098) Importer(815301076,1909f56bfc062723c751e8b465ee728b)
Start importing Assets/animation/Draw Bow.fbx using Guid(455e0f8dbc976d2459a41874f5099098) Importer(815301076,1909f56bfc062723c751e8b465ee728b)  -> (artifact id: '73e753cfb370058cad17dc6496758c0d') in 0.011506 seconds 
Number of updated asset objects reloaded before import = 0
Number of asset objects unloaded after import = 145
========================================================================
Received Import Request.
  Time since last request: 0.000021 seconds.
  path: Assets/animation/eyelash_MAT.mat
  artifactKey: Guid(8804f3f13f3146145918b4ae9c2e4d82) Importer(815301076,1909f56bfc062723c751e8b465ee728b)
Start importing Assets/animation/eyelash_MAT.mat using Guid(8804f3f13f3146145918b4ae9c2e4d82) Importer(815301076,1909f56bfc062723c751e8b465ee728b)  -> (artifact id: 'de77d399d129ed6126a4fcd252ca1588') in 0.021659 seconds 
Number of updated asset objects reloaded before import = 0
Number of asset objects unloaded after import = 1
========================================================================
Received Import Request.
  Time since last request: 0.000017 seconds.
  path: Assets/animation/Back Bow.fbx
  artifactKey: Guid(2e2510d9aff11a849a8bb40b3d2db7a0) Importer(815301076,1909f56bfc062723c751e8b465ee728b)
Start importing Assets/animation/Back Bow.fbx using Guid(2e2510d9aff11a849a8bb40b3d2db7a0) Importer(815301076,1909f56bfc062723c751e8b465ee728b)  -> (artifact id: '255ac70a92e43e69ebbc902a97f32dd7') in 0.006610 seconds 
Number of updated asset objects reloaded before import = 0
Number of asset objects unloaded after import = 145
========================================================================
Received Import Request.
  Time since last request: 0.000018 seconds.
  path: Assets/PlayerModelAssets/Arrow_MAT.mat
  artifactKey: Guid(8f99d2bbc9a135948afe89298489a192) Importer(815301076,1909f56bfc062723c751e8b465ee728b)
Start importing Assets/PlayerModelAssets/Arrow_MAT.mat using Guid(8f99d2bbc9a135948afe89298489a192) Importer(815301076,1909f56bfc062723c751e8b465ee728b)  -> (artifact id: 'ba571e9e1347b46f9e92b16ca78d5a43') in 0.019892 seconds 
Number of updated asset objects reloaded before import = 0
Number of asset objects unloaded after import = 1
========================================================================
Received Import Request.
  Time since last request: 0.000021 seconds.
  path: Assets/animation/Erika_Archer_Clothes_diffuse.png
  artifactKey: Guid(e6ae676855e010e4bb6279a04aa120af) Importer(815301076,1909f56bfc062723c751e8b465ee728b)
Start importing Assets/animation/Erika_Archer_Clothes_diffuse.png using Guid(e6ae676855e010e4bb6279a04aa120af) Importer(815301076,1909f56bfc062723c751e8b465ee728b)  -> (artifact id: '90874285344b03d9420559a412209bef') in 0.021822 seconds 
Number of updated asset objects reloaded before import = 0
Number of asset objects unloaded after import = 2
========================================================================
Received Import Request.
  Time since last request: 0.000028 seconds.
  path: Assets/animation/Left Bow.fbx
  artifactKey: Guid(5cf4a19e00ab4134abca96e0e613c655) Importer(815301076,1909f56bfc062723c751e8b465ee728b)
Start importing Assets/animation/Left Bow.fbx using Guid(5cf4a19e00ab4134abca96e0e613c655) Importer(815301076,1909f56bfc062723c751e8b465ee728b)  -> (artifact id: 'e1eb64e6c1d238c280975a9b4b188b8d') in 0.006874 seconds 
Number of updated asset objects reloaded before import = 0
Number of asset objects unloaded after import = 145
========================================================================
Received Import Request.
  Time since last request: 0.000027 seconds.
  path: Assets/animation/Running.fbx
  artifactKey: Guid(429f54d95e16fdc4d82b72e459cef35d) Importer(815301076,1909f56bfc062723c751e8b465ee728b)
Start importing Assets/animation/Running.fbx using Guid(429f54d95e16fdc4d82b72e459cef35d) Importer(815301076,1909f56bfc062723c751e8b465ee728b)  -> (artifact id: 'e34cdaf065860f20ea617187d988a082') in 0.008930 seconds 
Number of updated asset objects reloaded before import = 0
Number of asset objects unloaded after import = 145
========================================================================
Received Import Request.
  Time since last request: 0.000017 seconds.
  path: Assets/animation/Erika_Archer_Clothes_normal.png
  artifactKey: Guid(9a4b9354778dee349b50dc103adc9481) Importer(815301076,1909f56bfc062723c751e8b465ee728b)
Start importing Assets/animation/Erika_Archer_Clothes_normal.png using Guid(9a4b9354778dee349b50dc103adc9481) Importer(815301076,1909f56bfc062723c751e8b465ee728b)  -> (artifact id: '1de5eb430b624f3b30fc8adba49be0e4') in 0.023739 seconds 
Number of updated asset objects reloaded before import = 0
Number of asset objects unloaded after import = 2
========================================================================
Received Import Request.
  Time since last request: 0.000023 seconds.
  path: Assets/animation
  artifactKey: Guid(2e25e10ee97757d4b93121dd93da09de) Importer(815301076,1909f56bfc062723c751e8b465ee728b)
Start importing Assets/animation using Guid(2e25e10ee97757d4b93121dd93da09de) Importer(815301076,1909f56bfc062723c751e8b465ee728b)  -> (artifact id: 'f5967cd710beeb09362eddb235b91f72') in 0.000932 seconds 
Number of updated asset objects reloaded before import = 0
Number of asset objects unloaded after import = 0
========================================================================
Received Import Request.
  Time since last request: 0.000084 seconds.
  path: Assets/PlayerModelAssets/Arrow_NM.jpg
  artifactKey: Guid(7f2880c15c41c3242baba1ece872f9ec) Importer(815301076,1909f56bfc062723c751e8b465ee728b)
Start importing Assets/PlayerModelAssets/Arrow_NM.jpg using Guid(7f2880c15c41c3242baba1ece872f9ec) Importer(815301076,1909f56bfc062723c751e8b465ee728b)  -> (artifact id: '193a22c07d0239e85a8b8751d6988eff') in 0.021240 seconds 
Number of updated asset objects reloaded before import = 0
Number of asset objects unloaded after import = 2
========================================================================
Received Import Request.
  Time since last request: 0.000059 seconds.
  path: Assets/animation/Hands.mask
  artifactKey: Guid(22b2c16f291074441bdf58a1a5dbd8dc) Importer(815301076,1909f56bfc062723c751e8b465ee728b)
Start importing Assets/animation/Hands.mask using Guid(22b2c16f291074441bdf58a1a5dbd8dc) Importer(815301076,1909f56bfc062723c751e8b465ee728b)  -> (artifact id: '7b64841e9f93bf55f4366098b52d8e93') in 0.002144 seconds 
Number of updated asset objects reloaded before import = 0
Number of asset objects unloaded after import = 1
========================================================================
Received Import Request.
  Time since last request: 0.000019 seconds.
  path: Assets/animation/FemaleFitA_Body_diffuse.png
  artifactKey: Guid(0bcedb8b66f2eee4fb12f865d8d72046) Importer(815301076,1909f56bfc062723c751e8b465ee728b)
Start importing Assets/animation/FemaleFitA_Body_diffuse.png using Guid(0bcedb8b66f2eee4fb12f865d8d72046) Importer(815301076,1909f56bfc062723c751e8b465ee728b)  -> (artifact id: '023bd334847d13aa26ea448001a10cd2') in 0.025064 seconds 
Number of updated asset objects reloaded before import = 0
Number of asset objects unloaded after import = 2
========================================================================
Received Import Request.
  Time since last request: 15.592108 seconds.
  path: Assets/material
  artifactKey: Guid(0cb0f107c11711147bf24fbe40f7e274) Importer(815301076,1909f56bfc062723c751e8b465ee728b)
Start importing Assets/material using Guid(0cb0f107c11711147bf24fbe40f7e274) Importer(815301076,1909f56bfc062723c751e8b465ee728b)  -> (artifact id: 'edd22f67ec21db234e7f9ef98fd4da10') in 0.000665 seconds 
Number of updated asset objects reloaded before import = 0
Number of asset objects unloaded after import = 0
========================================================================
Received Import Request.
  Time since last request: 0.066365 seconds.
  path: Assets/material/New Material.mat
  artifactKey: Guid(0661f559667ff8042bca9013bf388074) Importer(815301076,1909f56bfc062723c751e8b465ee728b)
Start importing Assets/material/New Material.mat using Guid(0661f559667ff8042bca9013bf388074) Importer(815301076,1909f56bfc062723c751e8b465ee728b)  -> (artifact id: '969a9af18378d0654d11c2d11e95c758') in 0.020687 seconds 
Number of updated asset objects reloaded before import = 0
Number of asset objects unloaded after import = 1
========================================================================
Received Import Request.
  Time since last request: 0.000021 seconds.
  path: Assets/material/New Material 1.mat
  artifactKey: Guid(6c98975eb62181d4da68e9548368a5d9) Importer(815301076,1909f56bfc062723c751e8b465ee728b)
Start importing Assets/material/New Material 1.mat using Guid(6c98975eb62181d4da68e9548368a5d9) Importer(815301076,1909f56bfc062723c751e8b465ee728b)  -> (artifact id: 'beae7125860eff79c74aff523a7ef82d') in 0.040539 seconds 
Number of updated asset objects reloaded before import = 0
Number of asset objects unloaded after import = 1
========================================================================
Received Prepare
Begin MonoManager ReloadAssembly
Symbol file LoadedFromMemory doesn't match image D:\GitHub\Day and Night\Day_and_Night\pr5\Library\PackageCache\com.unity.visualscripting@1.8.0\Editor\VisualScripting.Core\Dependencies\YamlDotNet\Unity.VisualScripting.YamlDotNet.dll
Symbol file LoadedFromMemory doesn't match image D:\GitHub\Day and Night\Day_and_Night\pr5\Library\PackageCache\com.unity.visualscripting@1.8.0\Editor\VisualScripting.Core\Dependencies\DotNetZip\Unity.VisualScripting.IonicZip.dll
- Loaded All Assemblies, in  2.366 seconds
Refreshing native plugins compatible for Editor in 12.28 ms, found 3 plugins.
Native extension for WindowsStandalone target not found
Mono: successfully reloaded assembly
- Finished resetting the current domain, in  3.232 seconds
Domain Reload Profiling:
	ReloadAssembly (265ms)
		BeginReloadAssembly (170ms)
			ExecutionOrderSort (0ms)
			DisableScriptedObjects (7ms)
			BackupInstance (0ms)
			ReleaseScriptingObjects (0ms)
			CreateAndSetChildDomain (40ms)
		LoadAllAssembliesAndSetupDomain (2097ms)
			LoadAssemblies (393ms)
			RebuildTransferFunctionScriptingTraits (0ms)
			SetupTypeCache (1774ms)
				TypeCache.Initialize (1050ms)
					TypeCache.ScanAssembly (1036ms)
				ResolveRequiredComponents (19ms)
		FinalizeReload (0ms)
			ReleaseScriptCaches (0ms)
			RebuildScriptCaches (0ms)
			SetupLoadedEditorAssemblies (1373ms)
				LogAssemblyErrors (0ms)
				InitializePlatformSupportModulesInManaged (21ms)
				SetLoadedEditorAssemblies (22ms)
				RefreshPlugins (0ms)
				BeforeProcessingInitializeOnLoad (157ms)
				ProcessInitializeOnLoadAttributes (1074ms)
				ProcessInitializeOnLoadMethodAttributes (77ms)
				AfterProcessingInitializeOnLoad (21ms)
				EditorAssembliesLoaded (0ms)
			ExecutionOrderSort2 (0ms)
			AwakeInstancesAfterBackupRestoration (25ms)
Refreshing native plugins compatible for Editor in 13.19 ms, found 3 plugins.
Preloading 0 native plugins for Editor in 0.00 ms.
Unloading 3585 Unused Serialized files (Serialized files now loaded: 0)
Unloading 20 unused Assets / (144.1 KB). Loaded Objects now: 4139.
Memory consumption went from 0.55 GB to 0.55 GB.
Total: 9.459200 ms (FindLiveObjects: 0.383500 ms CreateObjectMapping: 1.623400 ms MarkObjects: 7.324600 ms  DeleteObjects: 0.126600 ms)

Prepare: number of updated asset objects reloaded= 0
AssetImportParameters requested are different than current active one (requested -> active):
  custom:container-demuxer-ogg: 62fdf1f143b41e24485cea50d1cbac27 -> 
  custom:video-decoder-ogg-theora: a1e56fd34408186e4bbccfd4996cb3dc -> 
  custom:framework-win-MediaFoundation: 216162199b28c13a410421893ffa2e32 -> 
  custom:container-demuxer-webm: 4f35f7cbe854078d1ac9338744f61a02 -> 
  custom:container-muxer-webm: aa71ff27fc2769a1b78a27578f13a17b -> 
  custom:video-decoder-webm-vp8: 9c59270c3fd7afecdb556c50c9e8de78 -> 
  custom:AudioImporter_EditorPlatform: d09bf68614088b80899f8185d706f6e7 -> 
  custom:video-encoder-webm-vp8: eb34c28f22e8b96e1ab97ce403110664 -> 
  custom:audio-decoder-ogg-vorbis: bf7c407c2cedff20999df2af8eb42d56 -> 
  custom:audio-encoder-webm-vorbis: bf7c407c2cedff20999df2af8eb42d56 -> 
